Searching for file 'CABENDD.cpy' in repository 'C:\Users\Administrator.GRT-EA-WDC2\Downloads\Rocket EA\Banking_Demo_Sources'
File 'CABENDD.cpy' not found in repository 'C:\Users\Administrator.GRT-EA-WDC2\Downloads\Rocket EA\Banking_Demo_Sources'
Searching for file 'CBANKDAT.cpy' in repository 'C:\Users\Administrator.GRT-EA-WDC2\Downloads\Rocket EA\Banking_Demo_Sources'
File 'CBANKDAT.cpy' not found in repository 'C:\Users\Administrator.GRT-EA-WDC2\Downloads\Rocket EA\Banking_Demo_Sources'
Searching for file 'CBANKEXT.cpy' in repository 'C:\Users\Administrator.GRT-EA-WDC2\Downloads\Rocket EA\Banking_Demo_Sources'
File 'CBANKEXT.cpy' not found in repository 'C:\Users\Administrator.GRT-EA-WDC2\Downloads\Rocket EA\Banking_Demo_Sources'
Searching for file 'DFHAID.CPY' in repository 'C:\Users\Administrator.GRT-EA-WDC2\Downloads\Rocket EA\Banking_Demo_Sources'
File 'DFHAID.CPY' not found in repository 'C:\Users\Administrator.GRT-EA-WDC2\Downloads\Rocket EA\Banking_Demo_Sources'
Searching for file 'DFHBMSCA.CPY' in repository 'C:\Users\Administrator.GRT-EA-WDC2\Downloads\Rocket EA\Banking_Demo_Sources'
File 'DFHBMSCA.CPY' not found in repository 'C:\Users\Administrator.GRT-EA-WDC2\Downloads\Rocket EA\Banking_Demo_Sources'
Searching for file 'CABENDD.cpy' in repository 'C:\Users\Administrator.GRT-EA-WDC2\Downloads\Rocket EA\Banking_Demo_Sources'
File 'CABENDD.cpy' not found in repository 'C:\Users\Administrator.GRT-EA-WDC2\Downloads\Rocket EA\Banking_Demo_Sources'
Searching for file 'CBANKDAT.cpy' in repository 'C:\Users\Administrator.GRT-EA-WDC2\Downloads\Rocket EA\Banking_Demo_Sources'
File 'CBANKDAT.cpy' not found in repository 'C:\Users\Administrator.GRT-EA-WDC2\Downloads\Rocket EA\Banking_Demo_Sources'
Searching for file 'CBANKEXT.cpy' in repository 'C:\Users\Administrator.GRT-EA-WDC2\Downloads\Rocket EA\Banking_Demo_Sources'
File 'CBANKEXT.cpy' not found in repository 'C:\Users\Administrator.GRT-EA-WDC2\Downloads\Rocket EA\Banking_Demo_Sources'
Searching for file 'DFHAID.CPY' in repository 'C:\Users\Administrator.GRT-EA-WDC2\Downloads\Rocket EA\Banking_Demo_Sources'
File 'DFHAID.CPY' not found in repository 'C:\Users\Administrator.GRT-EA-WDC2\Downloads\Rocket EA\Banking_Demo_Sources'
Searching for file 'DFHBMSCA.CPY' in repository 'C:\Users\Administrator.GRT-EA-WDC2\Downloads\Rocket EA\Banking_Demo_Sources'
File 'DFHBMSCA.CPY' not found in repository 'C:\Users\Administrator.GRT-EA-WDC2\Downloads\Rocket EA\Banking_Demo_Sources'
Searching for file 'CABENDD.cpy' in repository 'C:\Users\Administrator.GRT-EA-WDC2\Downloads\Rocket EA\Banking_Demo_Sources'
File 'CABENDD.cpy' not found in repository 'C:\Users\Administrator.GRT-EA-WDC2\Downloads\Rocket EA\Banking_Demo_Sources'
Searching for file 'CBANKDAT.cpy' in repository 'C:\Users\Administrator.GRT-EA-WDC2\Downloads\Rocket EA\Banking_Demo_Sources'
File 'CBANKDAT.cpy' not found in repository 'C:\Users\Administrator.GRT-EA-WDC2\Downloads\Rocket EA\Banking_Demo_Sources'
Searching for file 'CBANKEXT.cpy' in repository 'C:\Users\Administrator.GRT-EA-WDC2\Downloads\Rocket EA\Banking_Demo_Sources'
File 'CBANKEXT.cpy' not found in repository 'C:\Users\Administrator.GRT-EA-WDC2\Downloads\Rocket EA\Banking_Demo_Sources'
Searching for file 'DFHAID.CPY' in repository 'C:\Users\Administrator.GRT-EA-WDC2\Downloads\Rocket EA\Banking_Demo_Sources'
File 'DFHAID.CPY' not found in repository 'C:\Users\Administrator.GRT-EA-WDC2\Downloads\Rocket EA\Banking_Demo_Sources'
Searching for file 'DFHBMSCA.CPY' in repository 'C:\Users\Administrator.GRT-EA-WDC2\Downloads\Rocket EA\Banking_Demo_Sources'
File 'DFHBMSCA.CPY' not found in repository 'C:\Users\Administrator.GRT-EA-WDC2\Downloads\Rocket EA\Banking_Demo_Sources'
Searching for file 'SBANK00P' in repository 'C:\Users\Administrator.GRT-EA-WDC2\Downloads\Rocket EA\Banking_Demo_Sources'
File 'SBANK00P' not found in repository 'C:\Users\Administrator.GRT-EA-WDC2\Downloads\Rocket EA\Banking_Demo_Sources'
Searching for file 'CABENDD.cpy' in repository 'C:\Users\Administrator.GRT-EA-WDC2\Downloads\Rocket EA\Banking_Demo_Sources'
File 'CABENDD.cpy' not found in repository 'C:\Users\Administrator.GRT-EA-WDC2\Downloads\Rocket EA\Banking_Demo_Sources'
Searching for file 'CBANKDAT.cpy' in repository 'C:\Users\Administrator.GRT-EA-WDC2\Downloads\Rocket EA\Banking_Demo_Sources'
File 'CBANKDAT.cpy' not found in repository 'C:\Users\Administrator.GRT-EA-WDC2\Downloads\Rocket EA\Banking_Demo_Sources'
Searching for file 'CBANKEXT.cpy' in repository 'C:\Users\Administrator.GRT-EA-WDC2\Downloads\Rocket EA\Banking_Demo_Sources'
File 'CBANKEXT.cpy' not found in repository 'C:\Users\Administrator.GRT-EA-WDC2\Downloads\Rocket EA\Banking_Demo_Sources'
Searching for file 'DFHAID.CPY' in repository 'C:\Users\Administrator.GRT-EA-WDC2\Downloads\Rocket EA\Banking_Demo_Sources'
File 'DFHAID.CPY' not found in repository 'C:\Users\Administrator.GRT-EA-WDC2\Downloads\Rocket EA\Banking_Demo_Sources'
Searching for file 'DFHBMSCA.CPY' in repository 'C:\Users\Administrator.GRT-EA-WDC2\Downloads\Rocket EA\Banking_Demo_Sources'
File 'DFHBMSCA.CPY' not found in repository 'C:\Users\Administrator.GRT-EA-WDC2\Downloads\Rocket EA\Banking_Demo_Sources'
Searching for file 'SBANK00P' in repository 'C:\Users\Administrator.GRT-EA-WDC2\Downloads\Rocket EA\Banking_Demo_Sources'
File 'SBANK00P' not found in repository 'C:\Users\Administrator.GRT-EA-WDC2\Downloads\Rocket EA\Banking_Demo_Sources'
Searching for file 'CABENDD.cpy' in repository 'C:\Users\Administrator.GRT-EA-WDC2\Downloads\Rocket EA\Banking_Demo_Sources'
File 'CABENDD.cpy' not found in repository 'C:\Users\Administrator.GRT-EA-WDC2\Downloads\Rocket EA\Banking_Demo_Sources'
Searching for file 'CBANKDAT.cpy' in repository 'C:\Users\Administrator.GRT-EA-WDC2\Downloads\Rocket EA\Banking_Demo_Sources'
File 'CBANKDAT.cpy' not found in repository 'C:\Users\Administrator.GRT-EA-WDC2\Downloads\Rocket EA\Banking_Demo_Sources'
Searching for file 'CBANKEXT.cpy' in repository 'C:\Users\Administrator.GRT-EA-WDC2\Downloads\Rocket EA\Banking_Demo_Sources'
File 'CBANKEXT.cpy' not found in repository 'C:\Users\Administrator.GRT-EA-WDC2\Downloads\Rocket EA\Banking_Demo_Sources'
Searching for file 'DFHAID.CPY' in repository 'C:\Users\Administrator.GRT-EA-WDC2\Downloads\Rocket EA\Banking_Demo_Sources'
File 'DFHAID.CPY' not found in repository 'C:\Users\Administrator.GRT-EA-WDC2\Downloads\Rocket EA\Banking_Demo_Sources'
Searching for file 'DFHBMSCA.CPY' in repository 'C:\Users\Administrator.GRT-EA-WDC2\Downloads\Rocket EA\Banking_Demo_Sources'
File 'DFHBMSCA.CPY' not found in repository 'C:\Users\Administrator.GRT-EA-WDC2\Downloads\Rocket EA\Banking_Demo_Sources'
Searching for file 'SBANK00P' on the local machine
File 'SBANK00P' not found on the local machine
Searching for file 'CABENDD.cpy' on the local machine
File 'CABENDD.cpy' not found on the local machine
Searching for file 'CBANKDAT.cpy' on the local machine
File 'CBANKDAT.cpy' not found on the local machine
Searching for file 'CBANKEXT.cpy' on the local machine
File 'CBANKEXT.cpy' not found on the local machine
Searching for file 'DFHAID.CPY' on the local machine
File 'DFHAID.CPY' not found on the local machine
Searching for file 'DFHBMSCA.CPY' on the local machine
File 'DFHBMSCA.CPY' not found on the local machine
